# JRE version: Java(TM) SE Runtime Environment (8.0_20-b26) (build 1.8.0_20-b26)
# Java VM: Java HotSpot(TM) Client VM (25.20-b23 mixed mode windows-x86 )
Heap:
 def new generation   total 53824K, used 30682K [0x05000000, 0x08a60000, 0x0a550000)
  eden space 47872K,  53% used [0x05000000, 0x06916d80, 0x07ec0000)
  from space 5952K,  83% used [0x08490000, 0x0896fdc0, 0x08a60000)
  to   space 5952K,   0% used [0x07ec0000, 0x07ec0000, 0x08490000)
 tenured generation   total 119508K, used 71703K [0x0a550000, 0x11a05000, 0x15000000)
   the space 119508K,  59% used [0x0a550000, 0x0eb55fd0, 0x0eb56000, 0x11a05000)
 Metaspace       used 3605K, capacity 3736K, committed 3776K, reserved 4480K
GC Heap History (10 events):
Event: 4.400 GC heap before
{Heap before GC invocations=8 (full 2):
 def new generation   total 17920K, used 15936K [0x05000000, 0x06370000, 0x0a550000)
  eden space 15936K, 100% used [0x05000000, 0x05f90000, 0x05f90000)
  from space 1984K,   0% used [0x05f90000, 0x05f90000, 0x06180000)
  to   space 1984K,   0% used [0x06180000, 0x06180000, 0x06370000)
 tenured generation   total 39720K, used 23831K [0x0a550000, 0x0cc1a000, 0x15000000)
   the space 39720K,  59% used [0x0a550000, 0x0bc95ff8, 0x0bc96000, 0x0cc1a000)
 Metaspace       used 3420K, capacity 3637K, committed 3648K, reserved 4480K
Event: 4.446 GC heap after
Heap after GC invocations=9 (full 2):
 def new generation   total 17920K, used 1984K [0x05000000, 0x06370000, 0x0a550000)
  eden space 15936K,   0% used [0x05000000, 0x05000000, 0x05f90000)
  from space 1984K, 100% used [0x06180000, 0x06370000, 0x06370000)
  to   space 1984K,   0% used [0x05f90000, 0x05f90000, 0x06180000)
 tenured generation   total 39720K, used 31625K [0x0a550000, 0x0cc1a000, 0x15000000)
   the space 39720K,  79% used [0x0a550000, 0x0c432620, 0x0c432800, 0x0cc1a000)
 Metaspace       used 3420K, capacity 3637K, committed 3648K, reserved 4480K
}
Event: 4.478 GC heap before
{Heap before GC invocations=9 (full 2):
 def new generation   total 17920K, used 17920K [0x05000000, 0x06370000, 0x0a550000)
  eden space 15936K, 100% used [0x05000000, 0x05f90000, 0x05f90000)
  from space 1984K, 100% used [0x06180000, 0x06370000, 0x06370000)
  to   space 1984K,   0% used [0x05f90000, 0x05f90000, 0x06180000)
 tenured generation   total 39720K, used 31625K [0x0a550000, 0x0cc1a000, 0x15000000)
   the space 39720K,  79% used [0x0a550000, 0x0c432620, 0x0c432800, 0x0cc1a000)
 Metaspace       used 3420K, capacity 3637K, committed 3648K, reserved 4480K
Event: 4.613 GC heap after
Heap after GC invocations=10 (full 3):
 def new generation   total 30720K, used 1912K [0x05000000, 0x07150000, 0x0a550000)
  eden space 27328K,   6% used [0x05000000, 0x051de150, 0x06ab0000)
  from space 3392K,   0% used [0x06ab0000, 0x06ab0000, 0x06e00000)
  to   space 3392K,   0% used [0x06e00000, 0x06e00000, 0x07150000)
 tenured generation   total 68120K, used 40871K [0x0a550000, 0x0e7d6000, 0x15000000)
   the space 68120K,  59% used [0x0a550000, 0x0cd39fe8, 0x0cd3a000, 0x0e7d6000)
 Metaspace       used 3420K, capacity 3637K, committed 3648K, reserved 4480K
}
Event: 4.660 GC heap before
{Heap before GC invocations=10 (full 3):
 def new generation   total 30720K, used 27328K [0x05000000, 0x07150000, 0x0a550000)
  eden space 27328K, 100% used [0x05000000, 0x06ab0000, 0x06ab0000)
  from space 3392K,   0% used [0x06ab0000, 0x06ab0000, 0x06e00000)
  to   space 3392K,   0% used [0x06e00000, 0x06e00000, 0x07150000)
 tenured generation   total 68120K, used 40871K [0x0a550000, 0x0e7d6000, 0x15000000)
   the space 68120K,  59% used [0x0a550000, 0x0cd39fe8, 0x0cd3a000, 0x0e7d6000)
 Metaspace       used 3420K, capacity 3637K, committed 3648K, reserved 4480K
Event: 4.741 GC heap after
Heap after GC invocations=11 (full 3):
 def new generation   total 30720K, used 3391K [0x05000000, 0x07150000, 0x0a550000)
  eden space 27328K,   0% used [0x05000000, 0x05000000, 0x06ab0000)
  from space 3392K,  99% used [0x06e00000, 0x0714fff8, 0x07150000)
  to   space 3392K,   0% used [0x06ab0000, 0x06ab0000, 0x06e00000)
 tenured generation   total 68120K, used 55093K [0x0a550000, 0x0e7d6000, 0x15000000)
   the space 68120K,  80% used [0x0a550000, 0x0db1d798, 0x0db1d800, 0x0e7d6000)
 Metaspace       used 3420K, capacity 3637K, committed 3648K, reserved 4480K
}
Event: 4.794 GC heap before
{Heap before GC invocations=11 (full 3):
 def new generation   total 30720K, used 30719K [0x05000000, 0x07150000, 0x0a550000)
  eden space 27328K, 100% used [0x05000000, 0x06ab0000, 0x06ab0000)
  from space 3392K,  99% used [0x06e00000, 0x0714fff8, 0x07150000)
  to   space 3392K,   0% used [0x06ab0000, 0x06ab0000, 0x06e00000)
 tenured generation   total 68120K, used 55093K [0x0a550000, 0x0e7d6000, 0x15000000)
   the space 68120K,  80% used [0x0a550000, 0x0db1d798, 0x0db1d800, 0x0e7d6000)
 Metaspace       used 3420K, capacity 3637K, committed 3648K, reserved 4480K
Event: 5.102 GC heap after
Heap after GC invocations=12 (full 4):
 def new generation   total 53824K, used 2500K [0x05000000, 0x08a60000, 0x0a550000)
  eden space 47872K,   5% used [0x05000000, 0x05271380, 0x07ec0000)
  from space 5952K,   0% used [0x07ec0000, 0x07ec0000, 0x08490000)
  to   space 5952K,   0% used [0x08490000, 0x08490000, 0x08a60000)
 tenured generation   total 119508K, used 71703K [0x0a550000, 0x11a05000, 0x15000000)
   the space 119508K,  59% used [0x0a550000, 0x0eb55fd0, 0x0eb56000, 0x11a05000)
 Metaspace       used 3420K, capacity 3637K, committed 3648K, reserved 4480K
}
Event: 5.618 GC heap before
{Heap before GC invocations=12 (full 4):
 def new generation   total 53824K, used 47872K [0x05000000, 0x08a60000, 0x0a550000)
  eden space 47872K, 100% used [0x05000000, 0x07ec0000, 0x07ec0000)
  from space 5952K,   0% used [0x07ec0000, 0x07ec0000, 0x08490000)
  to   space 5952K,   0% used [0x08490000, 0x08490000, 0x08a60000)
 tenured generation   total 119508K, used 71703K [0x0a550000, 0x11a05000, 0x15000000)
   the space 119508K,  59% used [0x0a550000, 0x0eb55fd0, 0x0eb56000, 0x11a05000)
 Metaspace       used 3488K, capacity 3669K, committed 3776K, reserved 4480K
Event: 5.684 GC heap after
Heap after GC invocations=13 (full 4):
 def new generation   total 53824K, used 4991K [0x05000000, 0x08a60000, 0x0a550000)
  eden space 47872K,   0% used [0x05000000, 0x05000000, 0x07ec0000)
  from space 5952K,  83% used [0x08490000, 0x0896fdc0, 0x08a60000)
  to   space 5952K,   0% used [0x07ec0000, 0x07ec0000, 0x08490000)
 tenured generation   total 119508K, used 71703K [0x0a550000, 0x11a05000, 0x15000000)
   the space 119508K,  59% used [0x0a550000, 0x0eb55fd0, 0x0eb56000, 0x11a05000)
 Metaspace       used 3488K, capacity 3669K, committed 3776K, reserved 4480K
}

