# JRE version: Java(TM) SE Runtime Environment (8.0_20-b26) (build 1.8.0_20-b26)
# Java VM: Java HotSpot(TM) Client VM (25.20-b23 mixed mode windows-x86 )
Heap:
 def new generation   total 4928K, used 4429K [0x05000000, 0x05550000, 0x0a550000)
  eden space 4416K,  88% used [0x05000000, 0x053d36e8, 0x05450000)
  from space 512K,  99% used [0x05450000, 0x054cfff8, 0x054d0000)
  to   space 512K,   0% used [0x054d0000, 0x054d0000, 0x05550000)
 tenured generation   total 10944K, used 8223K [0x0a550000, 0x0b000000, 0x15000000)
   the space 10944K,  75% used [0x0a550000, 0x0ad57ec0, 0x0ad58000, 0x0b000000)
 Metaspace       used 3531K, capacity 3733K, committed 3776K, reserved 4480K
GC Heap History (10 events):
Event: 4.827 GC heap before
{Heap before GC invocations=9 (full 0):
 def new generation   total 4928K, used 4853K [0x05000000, 0x05550000, 0x0a550000)
  eden space 4416K, 100% used [0x05000000, 0x05450000, 0x05450000)
  from space 512K,  85% used [0x054d0000, 0x0553d640, 0x05550000)
  to   space 512K,   0% used [0x05450000, 0x05450000, 0x054d0000)
 tenured generation   total 10944K, used 3578K [0x0a550000, 0x0b000000, 0x15000000)
   the space 10944K,  32% used [0x0a550000, 0x0a8ceb90, 0x0a8cec00, 0x0b000000)
 Metaspace       used 3456K, capacity 3637K, committed 3648K, reserved 4480K
Event: 4.831 GC heap after
Heap after GC invocations=10 (full 0):
 def new generation   total 4928K, used 511K [0x05000000, 0x05550000, 0x0a550000)
  eden space 4416K,   0% used [0x05000000, 0x05000000, 0x05450000)
  from space 512K,  99% used [0x05450000, 0x054cfff8, 0x054d0000)
  to   space 512K,   0% used [0x054d0000, 0x054d0000, 0x05550000)
 tenured generation   total 10944K, used 3968K [0x0a550000, 0x0b000000, 0x15000000)
   the space 10944K,  36% used [0x0a550000, 0x0a9302c8, 0x0a930400, 0x0b000000)
 Metaspace       used 3456K, capacity 3637K, committed 3648K, reserved 4480K
}
Event: 4.839 GC heap before
{Heap before GC invocations=10 (full 0):
 def new generation   total 4928K, used 4927K [0x05000000, 0x05550000, 0x0a550000)
  eden space 4416K, 100% used [0x05000000, 0x05450000, 0x05450000)
  from space 512K,  99% used [0x05450000, 0x054cfff8, 0x054d0000)
  to   space 512K,   0% used [0x054d0000, 0x054d0000, 0x05550000)
 tenured generation   total 10944K, used 3968K [0x0a550000, 0x0b000000, 0x15000000)
   the space 10944K,  36% used [0x0a550000, 0x0a9302c8, 0x0a930400, 0x0b000000)
 Metaspace       used 3456K, capacity 3637K, committed 3648K, reserved 4480K
Event: 4.842 GC heap after
Heap after GC invocations=11 (full 0):
 def new generation   total 4928K, used 227K [0x05000000, 0x05550000, 0x0a550000)
  eden space 4416K,   0% used [0x05000000, 0x05000000, 0x05450000)
  from space 512K,  44% used [0x054d0000, 0x05508fb8, 0x05550000)
  to   space 512K,   0% used [0x05450000, 0x05450000, 0x054d0000)
 tenured generation   total 10944K, used 4479K [0x0a550000, 0x0b000000, 0x15000000)
   the space 10944K,  40% used [0x0a550000, 0x0a9afe08, 0x0a9b0000, 0x0b000000)
 Metaspace       used 3456K, capacity 3637K, committed 3648K, reserved 4480K
}
Event: 4.850 GC heap before
{Heap before GC invocations=11 (full 0):
 def new generation   total 4928K, used 4643K [0x05000000, 0x05550000, 0x0a550000)
  eden space 4416K, 100% used [0x05000000, 0x05450000, 0x05450000)
  from space 512K,  44% used [0x054d0000, 0x05508fb8, 0x05550000)
  to   space 512K,   0% used [0x05450000, 0x05450000, 0x054d0000)
 tenured generation   total 10944K, used 4479K [0x0a550000, 0x0b000000, 0x15000000)
   the space 10944K,  40% used [0x0a550000, 0x0a9afe08, 0x0a9b0000, 0x0b000000)
 Metaspace       used 3456K, capacity 3637K, committed 3648K, reserved 4480K
Event: 4.852 GC heap after
Heap after GC invocations=12 (full 0):
 def new generation   total 4928K, used 449K [0x05000000, 0x05550000, 0x0a550000)
  eden space 4416K,   0% used [0x05000000, 0x05000000, 0x05450000)
  from space 512K,  87% used [0x05450000, 0x054c07a8, 0x054d0000)
  to   space 512K,   0% used [0x054d0000, 0x054d0000, 0x05550000)
 tenured generation   total 10944K, used 4479K [0x0a550000, 0x0b000000, 0x15000000)
   the space 10944K,  40% used [0x0a550000, 0x0a9afe08, 0x0a9b0000, 0x0b000000)
 Metaspace       used 3456K, capacity 3637K, committed 3648K, reserved 4480K
}
Event: 4.860 GC heap before
{Heap before GC invocations=12 (full 0):
 def new generation   total 4928K, used 4865K [0x05000000, 0x05550000, 0x0a550000)
  eden space 4416K, 100% used [0x05000000, 0x05450000, 0x05450000)
  from space 512K,  87% used [0x05450000, 0x054c07a8, 0x054d0000)
  to   space 512K,   0% used [0x054d0000, 0x054d0000, 0x05550000)
 tenured generation   total 10944K, used 4479K [0x0a550000, 0x0b000000, 0x15000000)
   the space 10944K,  40% used [0x0a550000, 0x0a9afe08, 0x0a9b0000, 0x0b000000)
 Metaspace       used 3456K, capacity 3637K, committed 3648K, reserved 4480K
Event: 4.863 GC heap after
Heap after GC invocations=13 (full 0):
 def new generation   total 4928K, used 464K [0x05000000, 0x05550000, 0x0a550000)
  eden space 4416K,   0% used [0x05000000, 0x05000000, 0x05450000)
  from space 512K,  90% used [0x054d0000, 0x055443b8, 0x05550000)
  to   space 512K,   0% used [0x05450000, 0x05450000, 0x054d0000)
 tenured generation   total 10944K, used 4707K [0x0a550000, 0x0b000000, 0x15000000)
   the space 10944K,  43% used [0x0a550000, 0x0a9e8c58, 0x0a9e8e00, 0x0b000000)
 Metaspace       used 3456K, capacity 3637K, committed 3648K, reserved 4480K
}
Event: 4.949 GC heap before
{Heap before GC invocations=13 (full 0):
 def new generation   total 4928K, used 4880K [0x05000000, 0x05550000, 0x0a550000)
  eden space 4416K, 100% used [0x05000000, 0x05450000, 0x05450000)
  from space 512K,  90% used [0x054d0000, 0x055443b8, 0x05550000)
  to   space 512K,   0% used [0x05450000, 0x05450000, 0x054d0000)
 tenured generation   total 10944K, used 4707K [0x0a550000, 0x0b000000, 0x15000000)
   the space 10944K,  43% used [0x0a550000, 0x0a9e8c58, 0x0a9e8e00, 0x0b000000)
 Metaspace       used 3461K, capacity 3637K, committed 3648K, reserved 4480K
Event: 4.961 GC heap after
Heap after GC invocations=14 (full 0):
 def new generation   total 4928K, used 511K [0x05000000, 0x05550000, 0x0a550000)
  eden space 4416K,   0% used [0x05000000, 0x05000000, 0x05450000)
  from space 512K,  99% used [0x05450000, 0x054cfff8, 0x054d0000)
  to   space 512K,   0% used [0x054d0000, 0x054d0000, 0x05550000)
 tenured generation   total 10944K, used 8223K [0x0a550000, 0x0b000000, 0x15000000)
   the space 10944K,  75% used [0x0a550000, 0x0ad57ec0, 0x0ad58000, 0x0b000000)
 Metaspace       used 3461K, capacity 3637K, committed 3648K, reserved 4480K
}

