# JRE version: Java(TM) SE Runtime Environment (8.0_20-b26) (build 1.8.0_20-b26)
# Java VM: Java HotSpot(TM) Client VM (25.20-b23 mixed mode windows-x86 )
Heap:
 def new generation   total 4928K, used 4429K [0x04400000, 0x04950000, 0x09950000)
  eden space 4416K,  88% used [0x04400000, 0x047d36d0, 0x04850000)
  from space 512K, 100% used [0x04850000, 0x048d0000, 0x048d0000)
  to   space 512K,   0% used [0x048d0000, 0x048d0000, 0x04950000)
 tenured generation   total 10944K, used 8222K [0x09950000, 0x0a400000, 0x14400000)
   the space 10944K,  75% used [0x09950000, 0x0a157ad8, 0x0a157c00, 0x0a400000)
 Metaspace       used 3531K, capacity 3733K, committed 3776K, reserved 4480K
GC Heap History (10 events):
Event: 4.429 GC heap before
{Heap before GC invocations=9 (full 0):
 def new generation   total 4928K, used 4853K [0x04400000, 0x04950000, 0x09950000)
  eden space 4416K, 100% used [0x04400000, 0x04850000, 0x04850000)
  from space 512K,  85% used [0x048d0000, 0x0493d670, 0x04950000)
  to   space 512K,   0% used [0x04850000, 0x04850000, 0x048d0000)
 tenured generation   total 10944K, used 3578K [0x09950000, 0x0a400000, 0x14400000)
   the space 10944K,  32% used [0x09950000, 0x09cceaa8, 0x09ccec00, 0x0a400000)
 Metaspace       used 3456K, capacity 3637K, committed 3648K, reserved 4480K
Event: 4.432 GC heap after
Heap after GC invocations=10 (full 0):
 def new generation   total 4928K, used 511K [0x04400000, 0x04950000, 0x09950000)
  eden space 4416K,   0% used [0x04400000, 0x04400000, 0x04850000)
  from space 512K,  99% used [0x04850000, 0x048cfff8, 0x048d0000)
  to   space 512K,   0% used [0x048d0000, 0x048d0000, 0x04950000)
 tenured generation   total 10944K, used 3968K [0x09950000, 0x0a400000, 0x14400000)
   the space 10944K,  36% used [0x09950000, 0x09d301c8, 0x09d30200, 0x0a400000)
 Metaspace       used 3456K, capacity 3637K, committed 3648K, reserved 4480K
}
Event: 4.440 GC heap before
{Heap before GC invocations=10 (full 0):
 def new generation   total 4928K, used 4927K [0x04400000, 0x04950000, 0x09950000)
  eden space 4416K, 100% used [0x04400000, 0x04850000, 0x04850000)
  from space 512K,  99% used [0x04850000, 0x048cfff8, 0x048d0000)
  to   space 512K,   0% used [0x048d0000, 0x048d0000, 0x04950000)
 tenured generation   total 10944K, used 3968K [0x09950000, 0x0a400000, 0x14400000)
   the space 10944K,  36% used [0x09950000, 0x09d301c8, 0x09d30200, 0x0a400000)
 Metaspace       used 3456K, capacity 3637K, committed 3648K, reserved 4480K
Event: 4.443 GC heap after
Heap after GC invocations=11 (full 0):
 def new generation   total 4928K, used 227K [0x04400000, 0x04950000, 0x09950000)
  eden space 4416K,   0% used [0x04400000, 0x04400000, 0x04850000)
  from space 512K,  44% used [0x048d0000, 0x04908f50, 0x04950000)
  to   space 512K,   0% used [0x04850000, 0x04850000, 0x048d0000)
 tenured generation   total 10944K, used 4479K [0x09950000, 0x0a400000, 0x14400000)
   the space 10944K,  40% used [0x09950000, 0x09dafd20, 0x09dafe00, 0x0a400000)
 Metaspace       used 3456K, capacity 3637K, committed 3648K, reserved 4480K
}
Event: 4.451 GC heap before
{Heap before GC invocations=11 (full 0):
 def new generation   total 4928K, used 4643K [0x04400000, 0x04950000, 0x09950000)
  eden space 4416K, 100% used [0x04400000, 0x04850000, 0x04850000)
  from space 512K,  44% used [0x048d0000, 0x04908f50, 0x04950000)
  to   space 512K,   0% used [0x04850000, 0x04850000, 0x048d0000)
 tenured generation   total 10944K, used 4479K [0x09950000, 0x0a400000, 0x14400000)
   the space 10944K,  40% used [0x09950000, 0x09dafd20, 0x09dafe00, 0x0a400000)
 Metaspace       used 3456K, capacity 3637K, committed 3648K, reserved 4480K
Event: 4.453 GC heap after
Heap after GC invocations=12 (full 0):
 def new generation   total 4928K, used 449K [0x04400000, 0x04950000, 0x09950000)
  eden space 4416K,   0% used [0x04400000, 0x04400000, 0x04850000)
  from space 512K,  87% used [0x04850000, 0x048c06a0, 0x048d0000)
  to   space 512K,   0% used [0x048d0000, 0x048d0000, 0x04950000)
 tenured generation   total 10944K, used 4479K [0x09950000, 0x0a400000, 0x14400000)
   the space 10944K,  40% used [0x09950000, 0x09dafd20, 0x09dafe00, 0x0a400000)
 Metaspace       used 3456K, capacity 3637K, committed 3648K, reserved 4480K
}
Event: 4.461 GC heap before
{Heap before GC invocations=12 (full 0):
 def new generation   total 4928K, used 4865K [0x04400000, 0x04950000, 0x09950000)
  eden space 4416K, 100% used [0x04400000, 0x04850000, 0x04850000)
  from space 512K,  87% used [0x04850000, 0x048c06a0, 0x048d0000)
  to   space 512K,   0% used [0x048d0000, 0x048d0000, 0x04950000)
 tenured generation   total 10944K, used 4479K [0x09950000, 0x0a400000, 0x14400000)
   the space 10944K,  40% used [0x09950000, 0x09dafd20, 0x09dafe00, 0x0a400000)
 Metaspace       used 3456K, capacity 3637K, committed 3648K, reserved 4480K
Event: 4.464 GC heap after
Heap after GC invocations=13 (full 0):
 def new generation   total 4928K, used 464K [0x04400000, 0x04950000, 0x09950000)
  eden space 4416K,   0% used [0x04400000, 0x04400000, 0x04850000)
  from space 512K,  90% used [0x048d0000, 0x049443f0, 0x04950000)
  to   space 512K,   0% used [0x04850000, 0x04850000, 0x048d0000)
 tenured generation   total 10944K, used 4706K [0x09950000, 0x0a400000, 0x14400000)
   the space 10944K,  43% used [0x09950000, 0x09de8b70, 0x09de8c00, 0x0a400000)
 Metaspace       used 3456K, capacity 3637K, committed 3648K, reserved 4480K
}
Event: 4.511 GC heap before
{Heap before GC invocations=13 (full 0):
 def new generation   total 4928K, used 4880K [0x04400000, 0x04950000, 0x09950000)
  eden space 4416K, 100% used [0x04400000, 0x04850000, 0x04850000)
  from space 512K,  90% used [0x048d0000, 0x049443f0, 0x04950000)
  to   space 512K,   0% used [0x04850000, 0x04850000, 0x048d0000)
 tenured generation   total 10944K, used 4706K [0x09950000, 0x0a400000, 0x14400000)
   the space 10944K,  43% used [0x09950000, 0x09de8b70, 0x09de8c00, 0x0a400000)
 Metaspace       used 3461K, capacity 3637K, committed 3648K, reserved 4480K
Event: 4.523 GC heap after
Heap after GC invocations=14 (full 0):
 def new generation   total 4928K, used 512K [0x04400000, 0x04950000, 0x09950000)
  eden space 4416K,   0% used [0x04400000, 0x04400000, 0x04850000)
  from space 512K, 100% used [0x04850000, 0x048d0000, 0x048d0000)
  to   space 512K,   0% used [0x048d0000, 0x048d0000, 0x04950000)
 tenured generation   total 10944K, used 8222K [0x09950000, 0x0a400000, 0x14400000)
   the space 10944K,  75% used [0x09950000, 0x0a157ad8, 0x0a157c00, 0x0a400000)
 Metaspace       used 3461K, capacity 3637K, committed 3648K, reserved 4480K
}

