# JRE version: Java(TM) SE Runtime Environment (8.0_20-b26) (build 1.8.0_20-b26)
# Java VM: Java HotSpot(TM) Client VM (25.20-b23 mixed mode windows-x86 )
Heap:
 def new generation   total 4928K, used 4442K [0x04a00000, 0x04f50000, 0x09f50000)
  eden space 4416K,  88% used [0x04a00000, 0x04dd68c0, 0x04e50000)
  from space 512K,  99% used [0x04e50000, 0x04ecfff0, 0x04ed0000)
  to   space 512K,   0% used [0x04ed0000, 0x04ed0000, 0x04f50000)
 tenured generation   total 10944K, used 8217K [0x09f50000, 0x0aa00000, 0x14a00000)
   the space 10944K,  75% used [0x09f50000, 0x0a756468, 0x0a756600, 0x0aa00000)
 Metaspace       used 3531K, capacity 3733K, committed 3776K, reserved 4480K
GC Heap History (10 events):
Event: 5.299 GC heap before
{Heap before GC invocations=9 (full 0):
 def new generation   total 4928K, used 4853K [0x04a00000, 0x04f50000, 0x09f50000)
  eden space 4416K, 100% used [0x04a00000, 0x04e50000, 0x04e50000)
  from space 512K,  85% used [0x04ed0000, 0x04f3d638, 0x04f50000)
  to   space 512K,   0% used [0x04e50000, 0x04e50000, 0x04ed0000)
 tenured generation   total 10944K, used 3587K [0x09f50000, 0x0aa00000, 0x14a00000)
   the space 10944K,  32% used [0x09f50000, 0x0a2d0c30, 0x0a2d0e00, 0x0aa00000)
 Metaspace       used 3456K, capacity 3637K, committed 3648K, reserved 4480K
Event: 5.303 GC heap after
Heap after GC invocations=10 (full 0):
 def new generation   total 4928K, used 511K [0x04a00000, 0x04f50000, 0x09f50000)
  eden space 4416K,   0% used [0x04a00000, 0x04a00000, 0x04e50000)
  from space 512K,  99% used [0x04e50000, 0x04ecfff8, 0x04ed0000)
  to   space 512K,   0% used [0x04ed0000, 0x04ed0000, 0x04f50000)
 tenured generation   total 10944K, used 3977K [0x09f50000, 0x0aa00000, 0x14a00000)
   the space 10944K,  36% used [0x09f50000, 0x0a332428, 0x0a332600, 0x0aa00000)
 Metaspace       used 3456K, capacity 3637K, committed 3648K, reserved 4480K
}
Event: 5.312 GC heap before
{Heap before GC invocations=10 (full 0):
 def new generation   total 4928K, used 4927K [0x04a00000, 0x04f50000, 0x09f50000)
  eden space 4416K, 100% used [0x04a00000, 0x04e50000, 0x04e50000)
  from space 512K,  99% used [0x04e50000, 0x04ecfff8, 0x04ed0000)
  to   space 512K,   0% used [0x04ed0000, 0x04ed0000, 0x04f50000)
 tenured generation   total 10944K, used 3977K [0x09f50000, 0x0aa00000, 0x14a00000)
   the space 10944K,  36% used [0x09f50000, 0x0a332428, 0x0a332600, 0x0aa00000)
 Metaspace       used 3456K, capacity 3637K, committed 3648K, reserved 4480K
Event: 5.315 GC heap after
Heap after GC invocations=11 (full 0):
 def new generation   total 4928K, used 227K [0x04a00000, 0x04f50000, 0x09f50000)
  eden space 4416K,   0% used [0x04a00000, 0x04a00000, 0x04e50000)
  from space 512K,  44% used [0x04ed0000, 0x04f08f50, 0x04f50000)
  to   space 512K,   0% used [0x04e50000, 0x04e50000, 0x04ed0000)
 tenured generation   total 10944K, used 4487K [0x09f50000, 0x0aa00000, 0x14a00000)
   the space 10944K,  41% used [0x09f50000, 0x0a3b1f58, 0x0a3b2000, 0x0aa00000)
 Metaspace       used 3456K, capacity 3637K, committed 3648K, reserved 4480K
}
Event: 5.324 GC heap before
{Heap before GC invocations=11 (full 0):
 def new generation   total 4928K, used 4643K [0x04a00000, 0x04f50000, 0x09f50000)
  eden space 4416K, 100% used [0x04a00000, 0x04e50000, 0x04e50000)
  from space 512K,  44% used [0x04ed0000, 0x04f08f50, 0x04f50000)
  to   space 512K,   0% used [0x04e50000, 0x04e50000, 0x04ed0000)
 tenured generation   total 10944K, used 4487K [0x09f50000, 0x0aa00000, 0x14a00000)
   the space 10944K,  41% used [0x09f50000, 0x0a3b1f58, 0x0a3b2000, 0x0aa00000)
 Metaspace       used 3456K, capacity 3637K, committed 3648K, reserved 4480K
Event: 5.327 GC heap after
Heap after GC invocations=12 (full 0):
 def new generation   total 4928K, used 449K [0x04a00000, 0x04f50000, 0x09f50000)
  eden space 4416K,   0% used [0x04a00000, 0x04a00000, 0x04e50000)
  from space 512K,  87% used [0x04e50000, 0x04ec0730, 0x04ed0000)
  to   space 512K,   0% used [0x04ed0000, 0x04ed0000, 0x04f50000)
 tenured generation   total 10944K, used 4487K [0x09f50000, 0x0aa00000, 0x14a00000)
   the space 10944K,  41% used [0x09f50000, 0x0a3b1f58, 0x0a3b2000, 0x0aa00000)
 Metaspace       used 3456K, capacity 3637K, committed 3648K, reserved 4480K
}
Event: 5.335 GC heap before
{Heap before GC invocations=12 (full 0):
 def new generation   total 4928K, used 4865K [0x04a00000, 0x04f50000, 0x09f50000)
  eden space 4416K, 100% used [0x04a00000, 0x04e50000, 0x04e50000)
  from space 512K,  87% used [0x04e50000, 0x04ec0730, 0x04ed0000)
  to   space 512K,   0% used [0x04ed0000, 0x04ed0000, 0x04f50000)
 tenured generation   total 10944K, used 4487K [0x09f50000, 0x0aa00000, 0x14a00000)
   the space 10944K,  41% used [0x09f50000, 0x0a3b1f58, 0x0a3b2000, 0x0aa00000)
 Metaspace       used 3456K, capacity 3637K, committed 3648K, reserved 4480K
Event: 5.339 GC heap after
Heap after GC invocations=13 (full 0):
 def new generation   total 4928K, used 465K [0x04a00000, 0x04f50000, 0x09f50000)
  eden space 4416K,   0% used [0x04a00000, 0x04a00000, 0x04e50000)
  from space 512K,  90% used [0x04ed0000, 0x04f44418, 0x04f50000)
  to   space 512K,   0% used [0x04e50000, 0x04e50000, 0x04ed0000)
 tenured generation   total 10944K, used 4715K [0x09f50000, 0x0aa00000, 0x14a00000)
   the space 10944K,  43% used [0x09f50000, 0x0a3eada8, 0x0a3eae00, 0x0aa00000)
 Metaspace       used 3456K, capacity 3637K, committed 3648K, reserved 4480K
}
Event: 5.391 GC heap before
{Heap before GC invocations=13 (full 0):
 def new generation   total 4928K, used 4881K [0x04a00000, 0x04f50000, 0x09f50000)
  eden space 4416K, 100% used [0x04a00000, 0x04e50000, 0x04e50000)
  from space 512K,  90% used [0x04ed0000, 0x04f44418, 0x04f50000)
  to   space 512K,   0% used [0x04e50000, 0x04e50000, 0x04ed0000)
 tenured generation   total 10944K, used 4715K [0x09f50000, 0x0aa00000, 0x14a00000)
   the space 10944K,  43% used [0x09f50000, 0x0a3eada8, 0x0a3eae00, 0x0aa00000)
 Metaspace       used 3461K, capacity 3637K, committed 3648K, reserved 4480K
Event: 5.405 GC heap after
Heap after GC invocations=14 (full 0):
 def new generation   total 4928K, used 511K [0x04a00000, 0x04f50000, 0x09f50000)
  eden space 4416K,   0% used [0x04a00000, 0x04a00000, 0x04e50000)
  from space 512K,  99% used [0x04e50000, 0x04ecfff0, 0x04ed0000)
  to   space 512K,   0% used [0x04ed0000, 0x04ed0000, 0x04f50000)
 tenured generation   total 10944K, used 8217K [0x09f50000, 0x0aa00000, 0x14a00000)
   the space 10944K,  75% used [0x09f50000, 0x0a756468, 0x0a756600, 0x0aa00000)
 Metaspace       used 3461K, capacity 3637K, committed 3648K, reserved 4480K
}

